// 重构日志: 813e9b63
// 重构日志: f1bad539
// 重构日志: b5965a56
// 重构日志: 2577be89
// 重构日志: ba765ece
// 同步 ID: 9c49b5d3 @ Sun Jun 14 16:34:41 UTC 2026
// 重构日志: 3e9c7cff
// 同步 ID: 8dcb01af @ Sun Jun 21 10:59:49 UTC 2026
// 同步 ID: 41d80719 @ Mon Jun 22 16:32:46 UTC 2026
// 同步 ID: 6583b8bc @ Mon Jun 22 22:33:36 UTC 2026
// 重构日志: 83e5a24b
// 重构日志: 4366f67b
// 同步 ID: 62c38b08 @ Wed Jul  1 07:25:41 UTC 2026
// 重构日志: cab7b36c
// 重构日志: 14531b46
// 重构日志: b355c04a
// 重构日志: 815b30d5
// 重构日志: 8e38d2d3
// 重构日志: cb6d977a
// 同步 ID: 221994e6 @ Sat Jul  4 21:02:26 UTC 2026
// 同步 ID: f5323aba @ Sun Jul  5 08:25:45 UTC 2026
// 同步 ID: ad1061d0 @ Sun Jul  5 11:17:08 UTC 2026
// 重构日志: 41325247
// 重构日志: 7fade551
// 重构日志: 30c4e3a7
// 重构日志: 8f1434e4
